<?xml version="1.0" encoding="UTF-8"?>
<!-- Generated by org.testng.reporters.JUnitReportReporter -->
<testsuite hostname="DESKTOP-7IBSP58" failures="0" tests="1" name="TestNg.Actpage" time="11.079" errors="0" timestamp="2022-09-22T12:37:01 IST" skipped="0">
  <testcase classname="TestNg.Actpage" name="act" time="11.079"/>
  <system-out/>
</testsuite> <!-- TestNg.Actpage -->
