<?xml version="1.0" encoding="UTF-8"?>
<!-- Generated by org.testng.reporters.JUnitReportReporter -->
<testsuite hostname="DESKTOP-7IBSP58" failures="0" tests="1" name="TestNg.Newwindow" time="12.655" errors="0" timestamp="2022-09-22T17:34:51 IST" skipped="0">
  <testcase classname="TestNg.Newwindow" name="newpart" time="12.655"/>
  <system-out/>
</testsuite> <!-- TestNg.Newwindow -->
