<?xml version="1.0" encoding="UTF-8"?>
<!-- Generated by org.testng.reporters.JUnitReportReporter -->
<testsuite hostname="DESKTOP-7IBSP58" failures="0" tests="1" name="TestNg.Singup" time="12.839" errors="0" timestamp="2022-09-21T18:40:52 IST" skipped="0">
  <testcase classname="TestNg.Singup" name="singuppage" time="12.839"/>
  <system-out/>
</testsuite> <!-- TestNg.Singup -->
