<?xml version="1.0" encoding="UTF-8"?>
<!-- Generated by org.testng.reporters.JUnitReportReporter -->
<testsuite hostname="DESKTOP-7IBSP58" failures="0" tests="1" name="TestNg.Singup" time="15.343" errors="0" timestamp="2022-09-22T17:34:51 IST" skipped="0">
  <testcase classname="TestNg.Singup" name="singuppage" time="15.343"/>
  <system-out/>
</testsuite> <!-- TestNg.Singup -->
